Copyright 1986-2022 Xilinx, Inc. All Rights Reserved. Copyright 2022-2024 Advanced Micro Devices, Inc. All Rights Reserved.
---------------------------------------------------------------------------------------------------------------------------------------------
| Tool Version : Vivado v.2024.1 (lin64) Build 5076996 Wed May 22 18:36:09 MDT 2024
| Date         : Tue Dec 10 16:23:32 2024
| Host         : eecs-digital-05 running 64-bit Ubuntu 24.04.1 LTS
| Command      : report_timing -file obj/post_synth_timing.rpt
| Design       : top_level
| Device       : 7s50-csga324
| Speed File   : -1  PRODUCTION 1.23 2018-06-13
| Design State : Synthesized
---------------------------------------------------------------------------------------------------------------------------------------------

Timing Report

Slack (VIOLATED) :        -9.687ns  (required time - arrival time)
  Source:                 note_in_reg[5]/C
                            (rising edge-triggered cell FDRE clocked by clk_pixel_cw_hdmi  {rise@0.000ns fall@6.734ns period=13.468ns})
  Destination:            tmds_red/count_reg[4]/D
                            (rising edge-triggered cell FDRE clocked by clk_pixel_cw_hdmi  {rise@0.000ns fall@6.734ns period=13.468ns})
  Path Group:             clk_pixel_cw_hdmi
  Path Type:              Setup (Max at Slow Process Corner)
  Requirement:            13.468ns  (clk_pixel_cw_hdmi rise@13.468ns - clk_pixel_cw_hdmi rise@0.000ns)
  Data Path Delay:        22.864ns  (logic 11.128ns (48.669%)  route 11.736ns (51.331%))
  Logic Levels:           23  (CARRY4=6 DSP48E1=2 LUT2=3 LUT3=2 LUT5=1 LUT6=8 MUXF7=1)
  Clock Path Skew:        -0.145ns (DCD - SCD + CPR)
    Destination Clock Delay (DCD):    -2.578ns = ( 10.890 - 13.468 ) 
    Source Clock Delay      (SCD):    -2.892ns
    Clock Pessimism Removal (CPR):    -0.459ns
  Clock Uncertainty:      0.210ns  ((TSJ^2 + DJ^2)^1/2) / 2 + PE
    Total System Jitter     (TSJ):    0.071ns
    Discrete Jitter          (DJ):    0.414ns
    Phase Error              (PE):    0.000ns

    Location             Delay type                Incr(ns)  Path(ns)    Netlist Resource(s)
  -------------------------------------------------------------------    -------------------
                         (clock clk_pixel_cw_hdmi rise edge)
                                                      0.000     0.000 r  
    N15                                               0.000     0.000 r  clk_100mhz (IN)
                         net (fo=0)                   0.000     0.000    wizard_migcam/clk_100mhz
    N15                  IBUF (Prop_ibuf_I_O)         1.440     1.440 r  wizard_migcam/clkin1_ibufg/O
                         net (fo=1, unplaced)         0.584     2.024    wizard_migcam/clk_in1_cw_fast
                         PLLE2_ADV (Prop_plle2_adv_CLKIN1_CLKOUT0)
                                                     -6.612    -4.587 r  wizard_migcam/plle2_adv_inst/CLKOUT0
                         net (fo=1, unplaced)         0.800    -3.788    wizard_migcam/clk_100_cw_fast
                         BUFG (Prop_bufg_I_O)         0.096    -3.692 r  wizard_migcam/clkout1_buf/O
                         net (fo=7558, unplaced)      0.584    -3.108    wizard_hdmi/CLK
                         MMCME2_ADV (Prop_mmcme2_adv_CLKIN1_CLKOUT0)
                                                     -1.480    -4.587 r  wizard_hdmi/mmcm_adv_inst/CLKOUT0
                         net (fo=1, unplaced)         0.800    -3.788    wizard_hdmi/clk_pixel_cw_hdmi
                         BUFG (Prop_bufg_I_O)         0.096    -3.692 r  wizard_hdmi/clkout1_buf/O
                         net (fo=10511, unplaced)     0.800    -2.892    clk_pixel
                         FDRE                                         r  note_in_reg[5]/C
  -------------------------------------------------------------------    -------------------
                         FDRE (Prop_fdre_C_Q)         0.456    -2.436 r  note_in_reg[5]/Q
                         net (fo=9, unplaced)         1.006    -1.430    my_game/ball/in_sphere1_i_7[4]
                         LUT6 (Prop_lut6_I0_O)        0.295    -1.135 r  my_game/ball/in_sphere1_i_15/O
                         net (fo=16, unplaced)        0.503    -0.632    mvg/in_sphere1__1_0
                         LUT2 (Prop_lut2_I1_O)        0.124    -0.508 r  mvg/in_sphere1_i_8/O
                         net (fo=1, unplaced)         0.000    -0.508    mvg/in_sphere1_i_8_n_0
                         CARRY4 (Prop_carry4_S[1]_CO[3])
                                                      0.550     0.042 r  mvg/in_sphere1_i_2/CO[3]
                         net (fo=1, unplaced)         0.000     0.042    mvg/in_sphere1_i_2_n_0
                         CARRY4 (Prop_carry4_CI_O[1])
                                                      0.348     0.390 r  mvg/in_sphere1_i_1/O[1]
                         net (fo=4, unplaced)         0.800     1.190    my_game/ball/in_sphere1__1_0[9]
                         DSP48E1 (Prop_dsp48e1_A[9]_PCOUT[47])
                                                      4.215     5.405 r  my_game/ball/in_sphere1__0/PCOUT[47]
                         net (fo=1, unplaced)         0.055     5.460    my_game/ball/in_sphere1__0_n_106
                         DSP48E1 (Prop_dsp48e1_PCIN[47]_P[0])
                                                      1.518     6.978 r  my_game/ball/in_sphere1__1/P[0]
                         net (fo=2, unplaced)         0.800     7.777    my_game/ball/in_sphere1__1_n_105
                         LUT2 (Prop_lut2_I0_O)        0.124     7.901 r  my_game/ball/tmds_out[7]_i_66/O
                         net (fo=1, unplaced)         0.000     7.901    my_game/ball/tmds_out[7]_i_66_n_0
                         CARRY4 (Prop_carry4_S[1]_CO[3])
                                                      0.550     8.451 r  my_game/ball/tmds_out_reg[7]_i_51/CO[3]
                         net (fo=1, unplaced)         0.009     8.460    my_game/ball/tmds_out_reg[7]_i_51_n_0
                         CARRY4 (Prop_carry4_CI_O[3])
                                                      0.329     8.789 r  my_game/ball/tmds_out_reg[7]_i_37/O[3]
                         net (fo=1, unplaced)         0.618     9.407    my_game/ball/tmds_out_reg[7]_i_37_n_4
                         LUT2 (Prop_lut2_I1_O)        0.307     9.714 r  my_game/ball/tmds_out[7]_i_14/O
                         net (fo=1, unplaced)         0.000     9.714    my_game/ball/tmds_out[7]_i_14_n_0
                         CARRY4 (Prop_carry4_S[3]_CO[3])
                                                      0.401    10.115 r  my_game/ball/tmds_out_reg[7]_i_9/CO[3]
                         net (fo=1, unplaced)         0.000    10.115    my_game/ball/tmds_out_reg[7]_i_9_n_0
                         CARRY4 (Prop_carry4_CI_O[2])
                                                      0.256    10.371 r  my_game/ball/tmds_out_reg[7]_i_10/O[2]
                         net (fo=1, unplaced)         0.967    11.338    my_game/ball/in_sphere0[26]
                         LUT6 (Prop_lut6_I2_O)        0.301    11.639 f  my_game/ball/tmds_out[7]_i_7/O
                         net (fo=3, unplaced)         0.467    12.106    my_game/ball/tmds_out[7]_i_7_n_0
                         LUT3 (Prop_lut3_I1_O)        0.124    12.230 f  my_game/ball/tmds_out[1]_i_15/O
                         net (fo=1, unplaced)         0.449    12.679    my_game/ball/tmds_out[1]_i_15_n_0
                         LUT6 (Prop_lut6_I5_O)        0.124    12.803 r  my_game/ball/tmds_out[1]_i_3/O
                         net (fo=14, unplaced)        0.716    13.519    mvg/tmds_out_reg[0]
                         LUT6 (Prop_lut6_I1_O)        0.124    13.643 r  mvg/tmds_out[0]_i_2/O
                         net (fo=16, unplaced)        0.956    14.599    my_game/back/tmds_out_reg[0][0]
                         LUT3 (Prop_lut3_I2_O)        0.124    14.723 r  my_game/back/tmds_out[7]_i_3/O
                         net (fo=4, unplaced)         0.926    15.649    my_game/back/tmds_out[0]_i_2
                         LUT6 (Prop_lut6_I2_O)        0.124    15.773 r  my_game/back/tmds_out[9]_i_2/O
                         net (fo=12, unplaced)        0.497    16.270    my_game/back/tmds_out[9]_i_2_n_0
                         LUT6 (Prop_lut6_I4_O)        0.124    16.394 r  my_game/back/count[4]_i_15__0/O
                         net (fo=7, unplaced)         0.937    17.331    my_game/back/count[4]_i_15__0_n_0
                         LUT5 (Prop_lut5_I2_O)        0.124    17.455 r  my_game/back/count[4]_i_18/O
                         net (fo=3, unplaced)         0.920    18.375    my_game/back/count[4]_i_18_n_0
                         LUT6 (Prop_lut6_I0_O)        0.124    18.499 r  my_game/back/count[4]_i_8__0/O
                         net (fo=1, unplaced)         1.111    19.610    my_game/back/count[4]_i_8__0_n_0
                         LUT6 (Prop_lut6_I1_O)        0.124    19.734 r  my_game/back/count[4]_i_3/O
                         net (fo=1, unplaced)         0.000    19.734    my_game/back/count[4]_i_3_n_0
                         MUXF7 (Prop_muxf7_I0_O)      0.238    19.972 r  my_game/back/count_reg[4]_i_1/O
                         net (fo=1, unplaced)         0.000    19.972    tmds_red/D[3]
                         FDRE                                         r  tmds_red/count_reg[4]/D
  -------------------------------------------------------------------    -------------------

                         (clock clk_pixel_cw_hdmi rise edge)
                                                     13.468    13.468 r  
    N15                                               0.000    13.468 r  clk_100mhz (IN)
                         net (fo=0)                   0.000    13.468    wizard_migcam/clk_100mhz
    N15                  IBUF (Prop_ibuf_I_O)         1.370    14.838 r  wizard_migcam/clkin1_ibufg/O
                         net (fo=1, unplaced)         0.439    15.277    wizard_migcam/clk_in1_cw_fast
                         PLLE2_ADV (Prop_plle2_adv_CLKIN1_CLKOUT0)
                                                     -5.893     9.384 r  wizard_migcam/plle2_adv_inst/CLKOUT0
                         net (fo=1, unplaced)         0.760    10.144    wizard_migcam/clk_100_cw_fast
                         BUFG (Prop_bufg_I_O)         0.091    10.235 r  wizard_migcam/clkout1_buf/O
                         net (fo=7558, unplaced)      0.439    10.674    wizard_hdmi/CLK
                         MMCME2_ADV (Prop_mmcme2_adv_CLKIN1_CLKOUT0)
                                                     -1.290     9.384 r  wizard_hdmi/mmcm_adv_inst/CLKOUT0
                         net (fo=1, unplaced)         0.760    10.144    wizard_hdmi/clk_pixel_cw_hdmi
                         BUFG (Prop_bufg_I_O)         0.091    10.235 r  wizard_hdmi/clkout1_buf/O
                         net (fo=10511, unplaced)     0.655    10.890    tmds_red/clk_pixel
                         FDRE                                         r  tmds_red/count_reg[4]/C
                         clock pessimism             -0.459    10.431    
                         clock uncertainty           -0.210    10.221    
                         FDRE (Setup_fdre_C_D)        0.064    10.285    tmds_red/count_reg[4]
  -------------------------------------------------------------------
                         required time                         10.285    
                         arrival time                         -19.972    
  -------------------------------------------------------------------
                         slack                                 -9.687    




