Copyright 1986-2022 Xilinx, Inc. All Rights Reserved. Copyright 2022-2024 Advanced Micro Devices, Inc. All Rights Reserved.
---------------------------------------------------------------------------------------------------------------------------------------------
| Tool Version : Vivado v.2024.1 (lin64) Build 5076996 Wed May 22 18:36:09 MDT 2024
| Date         : Wed Nov  6 20:20:45 2024
| Host         : eecs-digital-42 running 64-bit Ubuntu 24.04.1 LTS
| Command      : report_timing -file obj/post_synth_timing.rpt
| Design       : top_level
| Device       : 7s50-csga324
| Speed File   : -1  PRODUCTION 1.23 2018-06-13
| Design State : Synthesized
---------------------------------------------------------------------------------------------------------------------------------------------

Timing Report

Slack (MET) :             3.111ns  (required time - arrival time)
  Source:                 counter_8khz_trigger/count_reg[4]/C
                            (rising edge-triggered cell FDRE clocked by clk_100_cw_fast  {rise@0.000ns fall@5.000ns period=10.000ns})
  Destination:            counter_8khz_trigger/count_reg[0]/R
                            (rising edge-triggered cell FDRE clocked by clk_100_cw_fast  {rise@0.000ns fall@5.000ns period=10.000ns})
  Path Group:             clk_100_cw_fast
  Path Type:              Setup (Max at Slow Process Corner)
  Requirement:            10.000ns  (clk_100_cw_fast rise@10.000ns - clk_100_cw_fast rise@0.000ns)
  Data Path Delay:        6.237ns  (logic 3.306ns (53.006%)  route 2.931ns (46.994%))
  Logic Levels:           10  (CARRY4=8 LUT2=2)
  Clock Path Skew:        -0.145ns (DCD - SCD + CPR)
    Destination Clock Delay (DCD):    -2.794ns = ( 7.206 - 10.000 ) 
    Source Clock Delay      (SCD):    -3.108ns
    Clock Pessimism Removal (CPR):    -0.459ns
  Clock Uncertainty:      0.074ns  ((TSJ^2 + DJ^2)^1/2) / 2 + PE
    Total System Jitter     (TSJ):    0.071ns
    Discrete Jitter          (DJ):    0.129ns
    Phase Error              (PE):    0.000ns

    Location             Delay type                Incr(ns)  Path(ns)    Netlist Resource(s)
  -------------------------------------------------------------------    -------------------
                         (clock clk_100_cw_fast rise edge)
                                                      0.000     0.000 r  
    N15                                               0.000     0.000 r  clk_100mhz (IN)
                         net (fo=0)                   0.000     0.000    wizard_migcam/clk_100mhz
    N15                  IBUF (Prop_ibuf_I_O)         1.440     1.440 r  wizard_migcam/clkin1_ibufg/O
                         net (fo=1, unplaced)         0.584     2.024    wizard_migcam/clk_in1_cw_fast
                         PLLE2_ADV (Prop_plle2_adv_CLKIN1_CLKOUT0)
                                                     -6.612    -4.587 r  wizard_migcam/plle2_adv_inst/CLKOUT0
                         net (fo=1, unplaced)         0.800    -3.788    wizard_migcam/clk_100_cw_fast
                         BUFG (Prop_bufg_I_O)         0.096    -3.692 r  wizard_migcam/clkout1_buf/O
                         net (fo=138, unplaced)       0.584    -3.108    counter_8khz_trigger/clk_100
                         FDRE                                         r  counter_8khz_trigger/count_reg[4]/C
  -------------------------------------------------------------------    -------------------
                         FDRE (Prop_fdre_C_Q)         0.456    -2.652 r  counter_8khz_trigger/count_reg[4]/Q
                         net (fo=3, unplaced)         1.001    -1.651    counter_8khz_trigger/trigger_count[4]
                         CARRY4 (Prop_carry4_S[3]_CO[3])
                                                      0.697    -0.954 r  counter_8khz_trigger/count1_carry_i_9/CO[3]
                         net (fo=1, unplaced)         0.009    -0.945    counter_8khz_trigger/count1_carry_i_9_n_0
                         CARRY4 (Prop_carry4_CI_CO[3])
                                                      0.114    -0.831 r  counter_8khz_trigger/count1_carry_i_2/CO[3]
                         net (fo=1, unplaced)         0.000    -0.831    counter_8khz_trigger/count1_carry_i_2_n_0
                         CARRY4 (Prop_carry4_CI_CO[3])
                                                      0.114    -0.717 r  counter_8khz_trigger/count1_carry_i_8/CO[3]
                         net (fo=1, unplaced)         0.000    -0.717    counter_8khz_trigger/count1_carry_i_8_n_0
                         CARRY4 (Prop_carry4_CI_CO[3])
                                                      0.114    -0.603 r  counter_8khz_trigger/count1_carry__0_i_8/CO[3]
                         net (fo=1, unplaced)         0.000    -0.603    counter_8khz_trigger/count1_carry__0_i_8_n_0
                         CARRY4 (Prop_carry4_CI_CO[3])
                                                      0.114    -0.489 r  counter_8khz_trigger/count1_carry__0_i_9/CO[3]
                         net (fo=1, unplaced)         0.000    -0.489    counter_8khz_trigger/count1_carry__0_i_9_n_0
                         CARRY4 (Prop_carry4_CI_CO[3])
                                                      0.114    -0.375 r  counter_8khz_trigger/count1_carry__1_i_9/CO[3]
                         net (fo=1, unplaced)         0.000    -0.375    counter_8khz_trigger/count1_carry__1_i_9_n_0
                         CARRY4 (Prop_carry4_CI_O[1])
                                                      0.348    -0.027 r  counter_8khz_trigger/count1_carry__1_i_10/O[1]
                         net (fo=2, unplaced)         0.622     0.595    counter_8khz_trigger/p_0_in[26]
                         LUT2 (Prop_lut2_I0_O)        0.332     0.927 r  counter_8khz_trigger/count1_carry__2_i_3/O
                         net (fo=1, unplaced)         0.000     0.927    counter_8khz_trigger/count1_carry__2_i_3_n_0
                         CARRY4 (Prop_carry4_DI[0]_CO[2])
                                                      0.593     1.520 r  counter_8khz_trigger/count1_carry__2/CO[2]
                         net (fo=1, unplaced)         0.452     1.972    counter_8khz_trigger/count1_carry__2_n_1
                         LUT2 (Prop_lut2_I1_O)        0.310     2.282 r  counter_8khz_trigger/count[0]_i_1/O
                         net (fo=32, unplaced)        0.847     3.129    counter_8khz_trigger/count[0]_i_1_n_0
                         FDRE                                         r  counter_8khz_trigger/count_reg[0]/R
  -------------------------------------------------------------------    -------------------

                         (clock clk_100_cw_fast rise edge)
                                                     10.000    10.000 r  
    N15                                               0.000    10.000 r  clk_100mhz (IN)
                         net (fo=0)                   0.000    10.000    wizard_migcam/clk_100mhz
    N15                  IBUF (Prop_ibuf_I_O)         1.370    11.370 r  wizard_migcam/clkin1_ibufg/O
                         net (fo=1, unplaced)         0.439    11.809    wizard_migcam/clk_in1_cw_fast
                         PLLE2_ADV (Prop_plle2_adv_CLKIN1_CLKOUT0)
                                                     -5.893     5.916 r  wizard_migcam/plle2_adv_inst/CLKOUT0
                         net (fo=1, unplaced)         0.760     6.676    wizard_migcam/clk_100_cw_fast
                         BUFG (Prop_bufg_I_O)         0.091     6.767 r  wizard_migcam/clkout1_buf/O
                         net (fo=138, unplaced)       0.439     7.206    counter_8khz_trigger/clk_100
                         FDRE                                         r  counter_8khz_trigger/count_reg[0]/C
                         clock pessimism             -0.459     6.747    
                         clock uncertainty           -0.074     6.674    
                         FDRE (Setup_fdre_C_R)       -0.433     6.241    counter_8khz_trigger/count_reg[0]
  -------------------------------------------------------------------
                         required time                          6.241    
                         arrival time                          -3.129    
  -------------------------------------------------------------------
                         slack                                  3.111    




