Copyright 1986-2022 Xilinx, Inc. All Rights Reserved. Copyright 2022-2024 Advanced Micro Devices, Inc. All Rights Reserved.
---------------------------------------------------------------------------------------------------------------------------------------------
| Tool Version : Vivado v.2024.1 (lin64) Build 5076996 Wed May 22 18:36:09 MDT 2024
| Date         : Wed Nov  6 20:21:06 2024
| Host         : eecs-digital-42 running 64-bit Ubuntu 24.04.1 LTS
| Command      : report_timing_summary -file obj/post_route_timing_summary.rpt
| Design       : top_level
| Device       : 7s50-csga324
| Speed File   : -1  PRODUCTION 1.23 2018-06-13
| Design State : Routed
---------------------------------------------------------------------------------------------------------------------------------------------

Timing Summary Report

------------------------------------------------------------------------------------------------
| Timer Settings
| --------------
------------------------------------------------------------------------------------------------

  Enable Multi Corner Analysis               :  Yes
  Enable Pessimism Removal                   :  Yes
  Pessimism Removal Resolution               :  Nearest Common Node
  Enable Input Delay Default Clock           :  No
  Enable Preset / Clear Arcs                 :  No
  Disable Flight Delays                      :  No
  Ignore I/O Paths                           :  No
  Timing Early Launch at Borrowing Latches   :  No
  Borrow Time for Max Delay Exceptions       :  Yes
  Merge Timing Exceptions                    :  Yes
  Inter-SLR Compensation                     :  Conservative

  Corner  Analyze    Analyze    
  Name    Max Paths  Min Paths  
  ------  ---------  ---------  
  Slow    Yes        Yes        
  Fast    Yes        Yes        


------------------------------------------------------------------------------------------------
| Report Methodology
| ------------------
------------------------------------------------------------------------------------------------

No report available as report_methodology has not been run prior. Run report_methodology on the current design for the summary of methodology violations.



check_timing report

Table of Contents
-----------------
1. checking no_clock (0)
2. checking constant_clock (0)
3. checking pulse_width_clock (0)
4. checking unconstrained_internal_endpoints (0)
5. checking no_input_delay (10)
6. checking no_output_delay (7)
7. checking multiple_clock (0)
8. checking generated_clocks (0)
9. checking loops (0)
10. checking partial_input_delay (0)
11. checking partial_output_delay (0)
12. checking latch_loops (0)

1. checking no_clock (0)
------------------------
 There are 0 register/latch pins with no clock.


2. checking constant_clock (0)
------------------------------
 There are 0 register/latch pins with constant_clock.


3. checking pulse_width_clock (0)
---------------------------------
 There are 0 register/latch pins which need pulse_width check


4. checking unconstrained_internal_endpoints (0)
------------------------------------------------
 There are 0 pins that are not constrained for maximum delay.

 There are 0 pins that are not constrained for maximum delay due to constant clock.


5. checking no_input_delay (10)
-------------------------------
 There are 10 input ports with no input delay specified. (HIGH)

 There are 0 input ports with no input delay but user has a false path constraint.


6. checking no_output_delay (7)
-------------------------------
 There are 7 ports with no output delay specified. (HIGH)

 There are 0 ports with no output delay but user has a false path constraint

 There are 0 ports with no output delay but with a timing clock defined on it or propagating through it


7. checking multiple_clock (0)
------------------------------
 There are 0 register/latch pins with multiple clocks.


8. checking generated_clocks (0)
--------------------------------
 There are 0 generated clocks that are not connected to a clock source.


9. checking loops (0)
---------------------
 There are 0 combinational loops in the design.


10. checking partial_input_delay (0)
------------------------------------
 There are 0 input ports with partial input delay specified.


11. checking partial_output_delay (0)
-------------------------------------
 There are 0 ports with partial output delay specified.


12. checking latch_loops (0)
----------------------------
 There are 0 combinational latch loops in the design through latch input



------------------------------------------------------------------------------------------------
| Design Timing Summary
| ---------------------
------------------------------------------------------------------------------------------------

    WNS(ns)      TNS(ns)  TNS Failing Endpoints  TNS Total Endpoints      WHS(ns)      THS(ns)  THS Failing Endpoints  THS Total Endpoints     WPWS(ns)     TPWS(ns)  TPWS Failing Endpoints  TPWS Total Endpoints  
    -------      -------  ---------------------  -------------------      -------      -------  ---------------------  -------------------     --------     --------  ----------------------  --------------------  
      3.468        0.000                      0                  504        0.168        0.000                      0                  504        0.538        0.000                       0                   240  


All user specified timing constraints are met.


------------------------------------------------------------------------------------------------
| Clock Summary
| -------------
------------------------------------------------------------------------------------------------

Clock                  Waveform(ns)         Period(ns)      Frequency(MHz)
-----                  ------------         ----------      --------------
gclk                   {0.000 4.000}        10.000          100.000         
  clk_100_cw_fast      {0.000 5.000}        10.000          100.000         
    clk_pixel_cw_hdmi  {0.000 6.734}        13.468          74.250          
    clk_tmds_cw_hdmi   {0.000 1.347}        2.694           371.250         
    clkfbout_cw_hdmi   {0.000 25.000}       50.000          20.000          
  clkfbout_cw_fast     {0.000 5.000}        10.000          100.000         


------------------------------------------------------------------------------------------------
| Intra Clock Table
| -----------------
------------------------------------------------------------------------------------------------

Clock                      WNS(ns)      TNS(ns)  TNS Failing Endpoints  TNS Total Endpoints      WHS(ns)      THS(ns)  THS Failing Endpoints  THS Total Endpoints     WPWS(ns)     TPWS(ns)  TPWS Failing Endpoints  TPWS Total Endpoints  
-----                      -------      -------  ---------------------  -------------------      -------      -------  ---------------------  -------------------     --------     --------  ----------------------  --------------------  
gclk                                                                                                                                                                     2.000        0.000                       0                     1  
  clk_100_cw_fast            3.468        0.000                      0                  320        0.168        0.000                      0                  320        3.000        0.000                       0                   140  
    clk_pixel_cw_hdmi        6.624        0.000                      0                  184        0.234        0.000                      0                  184        6.234        0.000                       0                    85  
    clk_tmds_cw_hdmi                                                                                                                                                     0.538        0.000                       0                     8  
    clkfbout_cw_hdmi                                                                                                                                                    47.845        0.000                       0                     3  
  clkfbout_cw_fast                                                                                                                                                       7.845        0.000                       0                     3  


------------------------------------------------------------------------------------------------
| Inter Clock Table
| -----------------
------------------------------------------------------------------------------------------------

From Clock    To Clock          WNS(ns)      TNS(ns)  TNS Failing Endpoints  TNS Total Endpoints      WHS(ns)      THS(ns)  THS Failing Endpoints  THS Total Endpoints  
----------    --------          -------      -------  ---------------------  -------------------      -------      -------  ---------------------  -------------------  


------------------------------------------------------------------------------------------------
| Other Path Groups Table
| -----------------------
------------------------------------------------------------------------------------------------

Path Group    From Clock    To Clock          WNS(ns)      TNS(ns)  TNS Failing Endpoints  TNS Total Endpoints      WHS(ns)      THS(ns)  THS Failing Endpoints  THS Total Endpoints  
----------    ----------    --------          -------      -------  ---------------------  -------------------      -------      -------  ---------------------  -------------------  


------------------------------------------------------------------------------------------------
| Timing Details
| --------------
------------------------------------------------------------------------------------------------


---------------------------------------------------------------------------------------------------
From Clock:  gclk
  To Clock:  gclk

Setup :           NA  Failing Endpoints,  Worst Slack           NA  ,  Total Violation           NA
Hold  :           NA  Failing Endpoints,  Worst Slack           NA  ,  Total Violation           NA
PW    :            0  Failing Endpoints,  Worst Slack        2.000ns,  Total Violation        0.000ns
---------------------------------------------------------------------------------------------------


Pulse Width Checks
--------------------------------------------------------------------------------------
Clock Name:         gclk
Waveform(ns):       { 0.000 4.000 }
Period(ns):         10.000
Sources:            { clk_100mhz }

Check Type        Corner  Lib Pin           Reference Pin  Required(ns)  Actual(ns)  Slack(ns)  Location        Pin
Min Period        n/a     PLLE2_ADV/CLKIN1  n/a            1.249         10.000      8.751      PLLE2_ADV_X0Y0  wizard_migcam/plle2_adv_inst/CLKIN1
Max Period        n/a     PLLE2_ADV/CLKIN1  n/a            52.633        10.000      42.633     PLLE2_ADV_X0Y0  wizard_migcam/plle2_adv_inst/CLKIN1
Low Pulse Width   Slow    PLLE2_ADV/CLKIN1  n/a            2.000         6.000       4.000      PLLE2_ADV_X0Y0  wizard_migcam/plle2_adv_inst/CLKIN1
High Pulse Width  Slow    PLLE2_ADV/CLKIN1  n/a            2.000         4.000       2.000      PLLE2_ADV_X0Y0  wizard_migcam/plle2_adv_inst/CLKIN1



---------------------------------------------------------------------------------------------------
From Clock:  clk_100_cw_fast
  To Clock:  clk_100_cw_fast

Setup :            0  Failing Endpoints,  Worst Slack        3.468ns,  Total Violation        0.000ns
Hold  :            0  Failing Endpoints,  Worst Slack        0.168ns,  Total Violation        0.000ns
PW    :            0  Failing Endpoints,  Worst Slack        3.000ns,  Total Violation        0.000ns
---------------------------------------------------------------------------------------------------


Max Delay Paths
--------------------------------------------------------------------------------------
Slack (MET) :             3.468ns  (required time - arrival time)
  Source:                 counter_8khz_trigger/count_reg[2]/C
                            (rising edge-triggered cell FDRE clocked by clk_100_cw_fast  {rise@0.000ns fall@5.000ns period=10.000ns})
  Destination:            counter_8khz_trigger/count_reg[4]/R
                            (rising edge-triggered cell FDRE clocked by clk_100_cw_fast  {rise@0.000ns fall@5.000ns period=10.000ns})
  Path Group:             clk_100_cw_fast
  Path Type:              Setup (Max at Slow Process Corner)
  Requirement:            10.000ns  (clk_100_cw_fast rise@10.000ns - clk_100_cw_fast rise@0.000ns)
  Data Path Delay:        6.003ns  (logic 3.219ns (53.620%)  route 2.784ns (46.380%))
  Logic Levels:           11  (CARRY4=9 LUT2=2)
  Clock Path Skew:        -0.026ns (DCD - SCD + CPR)
    Destination Clock Delay (DCD):    -2.026ns = ( 7.974 - 10.000 ) 
    Source Clock Delay      (SCD):    -2.414ns
    Clock Pessimism Removal (CPR):    -0.414ns
  Clock Uncertainty:      0.074ns  ((TSJ^2 + DJ^2)^1/2) / 2 + PE
    Total System Jitter     (TSJ):    0.071ns
    Discrete Jitter          (DJ):    0.129ns
    Phase Error              (PE):    0.000ns

    Location             Delay type                Incr(ns)  Path(ns)    Netlist Resource(s)
  -------------------------------------------------------------------    -------------------
                         (clock clk_100_cw_fast rise edge)
                                                      0.000     0.000 r  
    N15                                               0.000     0.000 r  clk_100mhz (IN)
                         net (fo=0)                   0.000     0.000    wizard_migcam/clk_100mhz
    N15                  IBUF (Prop_ibuf_I_O)         1.440     1.440 r  wizard_migcam/clkin1_ibufg/O
                         net (fo=1, routed)           1.253     2.693    wizard_migcam/clk_in1_cw_fast
    PLLE2_ADV_X0Y0       PLLE2_ADV (Prop_plle2_adv_CLKIN1_CLKOUT0)
                                                     -8.486    -5.792 r  wizard_migcam/plle2_adv_inst/CLKOUT0
                         net (fo=1, routed)           1.660    -4.132    wizard_migcam/clk_100_cw_fast
    BUFGCTRL_X0Y2        BUFG (Prop_bufg_I_O)         0.096    -4.036 r  wizard_migcam/clkout1_buf/O
                         net (fo=138, routed)         1.622    -2.414    counter_8khz_trigger/clk_100
    SLICE_X3Y62          FDRE                                         r  counter_8khz_trigger/count_reg[2]/C
  -------------------------------------------------------------------    -------------------
    SLICE_X3Y62          FDRE (Prop_fdre_C_Q)         0.456    -1.958 r  counter_8khz_trigger/count_reg[2]/Q
                         net (fo=3, routed)           0.561    -1.397    counter_8khz_trigger/trigger_count[2]
    SLICE_X1Y63          CARRY4 (Prop_carry4_S[1]_CO[3])
                                                      0.674    -0.723 r  counter_8khz_trigger/count1_carry_i_9/CO[3]
                         net (fo=1, routed)           0.000    -0.723    counter_8khz_trigger/count1_carry_i_9_n_0
    SLICE_X1Y64          CARRY4 (Prop_carry4_CI_CO[3])
                                                      0.114    -0.609 r  counter_8khz_trigger/count1_carry_i_2/CO[3]
                         net (fo=1, routed)           0.000    -0.609    counter_8khz_trigger/count1_carry_i_2_n_0
    SLICE_X1Y65          CARRY4 (Prop_carry4_CI_CO[3])
                                                      0.114    -0.495 r  counter_8khz_trigger/count1_carry_i_8/CO[3]
                         net (fo=1, routed)           0.000    -0.495    counter_8khz_trigger/count1_carry_i_8_n_0
    SLICE_X1Y66          CARRY4 (Prop_carry4_CI_CO[3])
                                                      0.114    -0.381 r  counter_8khz_trigger/count1_carry__0_i_8/CO[3]
                         net (fo=1, routed)           0.000    -0.381    counter_8khz_trigger/count1_carry__0_i_8_n_0
    SLICE_X1Y67          CARRY4 (Prop_carry4_CI_CO[3])
                                                      0.114    -0.267 r  counter_8khz_trigger/count1_carry__0_i_9/CO[3]
                         net (fo=1, routed)           0.000    -0.267    counter_8khz_trigger/count1_carry__0_i_9_n_0
    SLICE_X1Y68          CARRY4 (Prop_carry4_CI_CO[3])
                                                      0.114    -0.153 r  counter_8khz_trigger/count1_carry__1_i_9/CO[3]
                         net (fo=1, routed)           0.000    -0.153    counter_8khz_trigger/count1_carry__1_i_9_n_0
    SLICE_X1Y69          CARRY4 (Prop_carry4_CI_CO[3])
                                                      0.114    -0.039 r  counter_8khz_trigger/count1_carry__1_i_10/CO[3]
                         net (fo=1, routed)           0.000    -0.039    counter_8khz_trigger/count1_carry__1_i_10_n_0
    SLICE_X1Y70          CARRY4 (Prop_carry4_CI_O[0])
                                                      0.222     0.183 f  counter_8khz_trigger/count1_carry__2_i_7/O[0]
                         net (fo=2, routed)           0.947     1.130    counter_8khz_trigger/p_0_in[29]
    SLICE_X2Y68          LUT2 (Prop_lut2_I0_O)        0.299     1.429 r  counter_8khz_trigger/count1_carry__2_i_5/O
                         net (fo=1, routed)           0.000     1.429    counter_8khz_trigger/count1_carry__2_i_5_n_0
    SLICE_X2Y68          CARRY4 (Prop_carry4_S[1]_CO[2])
                                                      0.574     2.003 r  counter_8khz_trigger/count1_carry__2/CO[2]
                         net (fo=1, routed)           0.441     2.444    counter_8khz_trigger/count1_carry__2_n_1
    SLICE_X4Y67          LUT2 (Prop_lut2_I1_O)        0.310     2.754 r  counter_8khz_trigger/count[0]_i_1/O
                         net (fo=32, routed)          0.835     3.589    counter_8khz_trigger/count[0]_i_1_n_0
    SLICE_X3Y63          FDRE                                         r  counter_8khz_trigger/count_reg[4]/R
  -------------------------------------------------------------------    -------------------

                         (clock clk_100_cw_fast rise edge)
                                                     10.000    10.000 r  
    N15                                               0.000    10.000 r  clk_100mhz (IN)
                         net (fo=0)                   0.000    10.000    wizard_migcam/clk_100mhz
    N15                  IBUF (Prop_ibuf_I_O)         1.370    11.370 r  wizard_migcam/clkin1_ibufg/O
                         net (fo=1, routed)           1.181    12.551    wizard_migcam/clk_in1_cw_fast
    PLLE2_ADV_X0Y0       PLLE2_ADV (Prop_plle2_adv_CLKIN1_CLKOUT0)
                                                     -7.753     4.798 r  wizard_migcam/plle2_adv_inst/CLKOUT0
                         net (fo=1, routed)           1.582     6.380    wizard_migcam/clk_100_cw_fast
    BUFGCTRL_X0Y2        BUFG (Prop_bufg_I_O)         0.091     6.471 r  wizard_migcam/clkout1_buf/O
                         net (fo=138, routed)         1.504     7.974    counter_8khz_trigger/clk_100
    SLICE_X3Y63          FDRE                                         r  counter_8khz_trigger/count_reg[4]/C
                         clock pessimism             -0.414     7.560    
                         clock uncertainty           -0.074     7.486    
    SLICE_X3Y63          FDRE (Setup_fdre_C_R)       -0.429     7.057    counter_8khz_trigger/count_reg[4]
  -------------------------------------------------------------------
                         required time                          7.057    
                         arrival time                          -3.589    
  -------------------------------------------------------------------
                         slack                                  3.468    





Min Delay Paths
--------------------------------------------------------------------------------------
Slack (MET) :             0.168ns  (arrival time - required time)
  Source:                 my_spi_con/data_out_reg[2]/C
                            (rising edge-triggered cell FDRE clocked by clk_100_cw_fast  {rise@0.000ns fall@5.000ns period=10.000ns})
  Destination:            audio_sample_reg[0]/D
                            (rising edge-triggered cell FDRE clocked by clk_100_cw_fast  {rise@0.000ns fall@5.000ns period=10.000ns})
  Path Group:             clk_100_cw_fast
  Path Type:              Hold (Min at Fast Process Corner)
  Requirement:            0.000ns  (clk_100_cw_fast rise@0.000ns - clk_100_cw_fast rise@0.000ns)
  Data Path Delay:        0.253ns  (logic 0.141ns (55.730%)  route 0.112ns (44.270%))
  Logic Levels:           0  
  Clock Path Skew:        0.015ns (DCD - SCD - CPR)
    Destination Clock Delay (DCD):    -0.324ns
    Source Clock Delay      (SCD):    -0.555ns
    Clock Pessimism Removal (CPR):    0.216ns

    Location             Delay type                Incr(ns)  Path(ns)    Netlist Resource(s)
  -------------------------------------------------------------------    -------------------
                         (clock clk_100_cw_fast rise edge)
                                                      0.000     0.000 r  
    N15                                               0.000     0.000 r  clk_100mhz (IN)
                         net (fo=0)                   0.000     0.000    wizard_migcam/clk_100mhz
    N15                  IBUF (Prop_ibuf_I_O)         0.209     0.209 r  wizard_migcam/clkin1_ibufg/O
                         net (fo=1, routed)           0.440     0.649    wizard_migcam/clk_in1_cw_fast
    PLLE2_ADV_X0Y0       PLLE2_ADV (Prop_plle2_adv_CLKIN1_CLKOUT0)
                                                     -2.326    -1.677 r  wizard_migcam/plle2_adv_inst/CLKOUT0
                         net (fo=1, routed)           0.504    -1.173    wizard_migcam/clk_100_cw_fast
    BUFGCTRL_X0Y2        BUFG (Prop_bufg_I_O)         0.026    -1.147 r  wizard_migcam/clkout1_buf/O
                         net (fo=138, routed)         0.592    -0.555    my_spi_con/clk_100
    SLICE_X3Y59          FDRE                                         r  my_spi_con/data_out_reg[2]/C
  -------------------------------------------------------------------    -------------------
    SLICE_X3Y59          FDRE (Prop_fdre_C_Q)         0.141    -0.414 r  my_spi_con/data_out_reg[2]/Q
                         net (fo=1, routed)           0.112    -0.302    spi_read_data[2]
    SLICE_X3Y60          FDRE                                         r  audio_sample_reg[0]/D
  -------------------------------------------------------------------    -------------------

                         (clock clk_100_cw_fast rise edge)
                                                      0.000     0.000 r  
    N15                                               0.000     0.000 r  clk_100mhz (IN)
                         net (fo=0)                   0.000     0.000    wizard_migcam/clk_100mhz
    N15                  IBUF (Prop_ibuf_I_O)         0.396     0.396 r  wizard_migcam/clkin1_ibufg/O
                         net (fo=1, routed)           0.481     0.877    wizard_migcam/clk_in1_cw_fast
    PLLE2_ADV_X0Y0       PLLE2_ADV (Prop_plle2_adv_CLKIN1_CLKOUT0)
                                                     -2.641    -1.764 r  wizard_migcam/plle2_adv_inst/CLKOUT0
                         net (fo=1, routed)           0.550    -1.214    wizard_migcam/clk_100_cw_fast
    BUFGCTRL_X0Y2        BUFG (Prop_bufg_I_O)         0.029    -1.185 r  wizard_migcam/clkout1_buf/O
                         net (fo=138, routed)         0.861    -0.324    clk_100_passthrough
    SLICE_X3Y60          FDRE                                         r  audio_sample_reg[0]/C
                         clock pessimism             -0.216    -0.540    
    SLICE_X3Y60          FDRE (Hold_fdre_C_D)         0.070    -0.470    audio_sample_reg[0]
  -------------------------------------------------------------------
                         required time                          0.470    
                         arrival time                          -0.302    
  -------------------------------------------------------------------
                         slack                                  0.168    





Pulse Width Checks
--------------------------------------------------------------------------------------
Clock Name:         clk_100_cw_fast
Waveform(ns):       { 0.000 5.000 }
Period(ns):         10.000
Sources:            { wizard_migcam/plle2_adv_inst/CLKOUT0 }

Check Type        Corner  Lib Pin            Reference Pin  Required(ns)  Actual(ns)  Slack(ns)  Location         Pin
Min Period        n/a     BUFG/I             n/a            2.155         10.000      7.845      BUFGCTRL_X0Y2    wizard_migcam/clkout1_buf/I
Max Period        n/a     MMCME2_ADV/CLKIN1  n/a            100.000       10.000      90.000     MMCME2_ADV_X1Y0  wizard_hdmi/mmcm_adv_inst/CLKIN1
Low Pulse Width   Slow    MMCME2_ADV/CLKIN1  n/a            2.000         5.000       3.000      MMCME2_ADV_X1Y0  wizard_hdmi/mmcm_adv_inst/CLKIN1
High Pulse Width  Slow    MMCME2_ADV/CLKIN1  n/a            2.000         5.000       3.000      MMCME2_ADV_X1Y0  wizard_hdmi/mmcm_adv_inst/CLKIN1



---------------------------------------------------------------------------------------------------
From Clock:  clk_pixel_cw_hdmi
  To Clock:  clk_pixel_cw_hdmi

Setup :            0  Failing Endpoints,  Worst Slack        6.624ns,  Total Violation        0.000ns
Hold  :            0  Failing Endpoints,  Worst Slack        0.234ns,  Total Violation        0.000ns
PW    :            0  Failing Endpoints,  Worst Slack        6.234ns,  Total Violation        0.000ns
---------------------------------------------------------------------------------------------------


Max Delay Paths
--------------------------------------------------------------------------------------
Slack (MET) :             6.624ns  (required time - arrival time)
  Source:                 my_pong/puck_x_reg[1]/C
                            (rising edge-triggered cell FDRE clocked by clk_pixel_cw_hdmi  {rise@0.000ns fall@6.734ns period=13.468ns})
  Destination:            my_pong/puck_x_reg[10]/CE
                            (rising edge-triggered cell FDRE clocked by clk_pixel_cw_hdmi  {rise@0.000ns fall@6.734ns period=13.468ns})
  Path Group:             clk_pixel_cw_hdmi
  Path Type:              Setup (Max at Slow Process Corner)
  Requirement:            13.468ns  (clk_pixel_cw_hdmi rise@13.468ns - clk_pixel_cw_hdmi rise@0.000ns)
  Data Path Delay:        6.405ns  (logic 2.052ns (32.039%)  route 4.353ns (67.961%))
  Logic Levels:           6  (CARRY4=2 LUT1=1 LUT4=1 LUT5=1 LUT6=1)
  Clock Path Skew:        -0.025ns (DCD - SCD + CPR)
    Destination Clock Delay (DCD):    -2.023ns = ( 11.445 - 13.468 ) 
    Source Clock Delay      (SCD):    -2.412ns
    Clock Pessimism Removal (CPR):    -0.414ns
  Clock Uncertainty:      0.210ns  ((TSJ^2 + DJ^2)^1/2) / 2 + PE
    Total System Jitter     (TSJ):    0.071ns
    Discrete Jitter          (DJ):    0.414ns
    Phase Error              (PE):    0.000ns

    Location             Delay type                Incr(ns)  Path(ns)    Netlist Resource(s)
  -------------------------------------------------------------------    -------------------
                         (clock clk_pixel_cw_hdmi rise edge)
                                                      0.000     0.000 r  
    N15                                               0.000     0.000 r  clk_100mhz (IN)
                         net (fo=0)                   0.000     0.000    wizard_migcam/clk_100mhz
    N15                  IBUF (Prop_ibuf_I_O)         1.440     1.440 r  wizard_migcam/clkin1_ibufg/O
                         net (fo=1, routed)           1.253     2.693    wizard_migcam/clk_in1_cw_fast
    PLLE2_ADV_X0Y0       PLLE2_ADV (Prop_plle2_adv_CLKIN1_CLKOUT0)
                                                     -8.486    -5.792 r  wizard_migcam/plle2_adv_inst/CLKOUT0
                         net (fo=1, routed)           1.660    -4.132    wizard_migcam/clk_100_cw_fast
    BUFGCTRL_X0Y2        BUFG (Prop_bufg_I_O)         0.096    -4.036 r  wizard_migcam/clkout1_buf/O
                         net (fo=138, routed)         1.575    -2.461    wizard_hdmi/clk_100
    MMCME2_ADV_X1Y0      MMCME2_ADV (Prop_mmcme2_adv_CLKIN1_CLKOUT0)
                                                     -3.333    -5.793 r  wizard_hdmi/mmcm_adv_inst/CLKOUT0
                         net (fo=1, routed)           1.661    -4.132    wizard_hdmi/clk_pixel_cw_hdmi
    BUFGCTRL_X0Y0        BUFG (Prop_bufg_I_O)         0.096    -4.036 r  wizard_hdmi/clkout1_buf/O
                         net (fo=84, routed)          1.624    -2.412    my_pong/clk_pixel
    SLICE_X4Y18          FDRE                                         r  my_pong/puck_x_reg[1]/C
  -------------------------------------------------------------------    -------------------
    SLICE_X4Y18          FDRE (Prop_fdre_C_Q)         0.456    -1.956 f  my_pong/puck_x_reg[1]/Q
                         net (fo=9, routed)           1.025    -0.931    my_pong/puck_x_reg[10]_0[0]
    SLICE_X3Y20          LUT1 (Prop_lut1_I0_O)        0.124    -0.807 r  my_pong/dir_x_i_6/O
                         net (fo=1, routed)           0.379    -0.427    my_pong/dir_x_i_6_n_0
    SLICE_X3Y21          CARRY4 (Prop_carry4_CYINIT_CO[3])
                                                      0.580     0.153 r  my_pong/dir_x_reg_i_4/CO[3]
                         net (fo=1, routed)           0.000     0.153    my_pong/dir_x_reg_i_4_n_0
    SLICE_X3Y22          CARRY4 (Prop_carry4_CI_CO[0])
                                                      0.271     0.424 f  my_pong/dir_x_reg_i_3/CO[0]
                         net (fo=1, routed)           0.946     1.369    my_pong/puck_overlap2
    SLICE_X5Y22          LUT5 (Prop_lut5_I0_O)        0.373     1.742 f  my_pong/dir_x_i_2/O
                         net (fo=2, routed)           0.923     2.666    my_pong/dir_x_i_2_n_0
    SLICE_X7Y18          LUT6 (Prop_lut6_I0_O)        0.124     2.790 f  my_pong/puck_x[10]_i_2/O
                         net (fo=3, routed)           0.456     3.246    my_pong/puck_x[10]_i_2_n_0
    SLICE_X7Y18          LUT4 (Prop_lut4_I0_O)        0.124     3.370 r  my_pong/puck_x[10]_i_1/O
                         net (fo=10, routed)          0.623     3.993    my_pong/puck_x[10]_i_1_n_0
    SLICE_X4Y20          FDRE                                         r  my_pong/puck_x_reg[10]/CE
  -------------------------------------------------------------------    -------------------

                         (clock clk_pixel_cw_hdmi rise edge)
                                                     13.468    13.468 r  
    N15                                               0.000    13.468 r  clk_100mhz (IN)
                         net (fo=0)                   0.000    13.468    wizard_migcam/clk_100mhz
    N15                  IBUF (Prop_ibuf_I_O)         1.370    14.838 r  wizard_migcam/clkin1_ibufg/O
                         net (fo=1, routed)           1.181    16.019    wizard_migcam/clk_in1_cw_fast
    PLLE2_ADV_X0Y0       PLLE2_ADV (Prop_plle2_adv_CLKIN1_CLKOUT0)
                                                     -7.753     8.266 r  wizard_migcam/plle2_adv_inst/CLKOUT0
                         net (fo=1, routed)           1.582     9.848    wizard_migcam/clk_100_cw_fast
    BUFGCTRL_X0Y2        BUFG (Prop_bufg_I_O)         0.091     9.939 r  wizard_migcam/clkout1_buf/O
                         net (fo=138, routed)         1.457    11.396    wizard_hdmi/clk_100
    MMCME2_ADV_X1Y0      MMCME2_ADV (Prop_mmcme2_adv_CLKIN1_CLKOUT0)
                                                     -3.129     8.267 r  wizard_hdmi/mmcm_adv_inst/CLKOUT0
                         net (fo=1, routed)           1.581     9.848    wizard_hdmi/clk_pixel_cw_hdmi
    BUFGCTRL_X0Y0        BUFG (Prop_bufg_I_O)         0.091     9.939 r  wizard_hdmi/clkout1_buf/O
                         net (fo=84, routed)          1.506    11.445    my_pong/clk_pixel
    SLICE_X4Y20          FDRE                                         r  my_pong/puck_x_reg[10]/C
                         clock pessimism             -0.414    11.031    
                         clock uncertainty           -0.210    10.822    
    SLICE_X4Y20          FDRE (Setup_fdre_C_CE)      -0.205    10.617    my_pong/puck_x_reg[10]
  -------------------------------------------------------------------
                         required time                         10.617    
                         arrival time                          -3.993    
  -------------------------------------------------------------------
                         slack                                  6.624    





Min Delay Paths
--------------------------------------------------------------------------------------
Slack (MET) :             0.234ns  (arrival time - required time)
  Source:                 tmds_green/count_reg[3]/C
                            (rising edge-triggered cell FDRE clocked by clk_pixel_cw_hdmi  {rise@0.000ns fall@6.734ns period=13.468ns})
  Destination:            tmds_green/count_reg[4]/D
                            (rising edge-triggered cell FDRE clocked by clk_pixel_cw_hdmi  {rise@0.000ns fall@6.734ns period=13.468ns})
  Path Group:             clk_pixel_cw_hdmi
  Path Type:              Hold (Min at Fast Process Corner)
  Requirement:            0.000ns  (clk_pixel_cw_hdmi rise@0.000ns - clk_pixel_cw_hdmi rise@0.000ns)
  Data Path Delay:        0.341ns  (logic 0.183ns (53.649%)  route 0.158ns (46.351%))
  Logic Levels:           1  (LUT5=1)
  Clock Path Skew:        0.000ns (DCD - SCD - CPR)
    Destination Clock Delay (DCD):    -0.332ns
    Source Clock Delay      (SCD):    -0.562ns
    Clock Pessimism Removal (CPR):    0.230ns

    Location             Delay type                Incr(ns)  Path(ns)    Netlist Resource(s)
  -------------------------------------------------------------------    -------------------
                         (clock clk_pixel_cw_hdmi rise edge)
                                                      0.000     0.000 r  
    N15                                               0.000     0.000 r  clk_100mhz (IN)
                         net (fo=0)                   0.000     0.000    wizard_migcam/clk_100mhz
    N15                  IBUF (Prop_ibuf_I_O)         0.209     0.209 r  wizard_migcam/clkin1_ibufg/O
                         net (fo=1, routed)           0.440     0.649    wizard_migcam/clk_in1_cw_fast
    PLLE2_ADV_X0Y0       PLLE2_ADV (Prop_plle2_adv_CLKIN1_CLKOUT0)
                                                     -2.326    -1.677 r  wizard_migcam/plle2_adv_inst/CLKOUT0
                         net (fo=1, routed)           0.504    -1.173    wizard_migcam/clk_100_cw_fast
    BUFGCTRL_X0Y2        BUFG (Prop_bufg_I_O)         0.026    -1.147 r  wizard_migcam/clkout1_buf/O
                         net (fo=138, routed)         0.549    -0.598    wizard_hdmi/clk_100
    MMCME2_ADV_X1Y0      MMCME2_ADV (Prop_mmcme2_adv_CLKIN1_CLKOUT0)
                                                     -1.061    -1.659 r  wizard_hdmi/mmcm_adv_inst/CLKOUT0
                         net (fo=1, routed)           0.486    -1.173    wizard_hdmi/clk_pixel_cw_hdmi
    BUFGCTRL_X0Y0        BUFG (Prop_bufg_I_O)         0.026    -1.147 r  wizard_hdmi/clkout1_buf/O
                         net (fo=84, routed)          0.585    -0.562    tmds_green/clk_pixel
    SLICE_X1Y21          FDRE                                         r  tmds_green/count_reg[3]/C
  -------------------------------------------------------------------    -------------------
    SLICE_X1Y21          FDRE (Prop_fdre_C_Q)         0.141    -0.421 f  tmds_green/count_reg[3]/Q
                         net (fo=2, routed)           0.158    -0.263    tmds_green/count[3]
    SLICE_X1Y21          LUT5 (Prop_lut5_I4_O)        0.042    -0.221 r  tmds_green/count[4]_i_1__0/O
                         net (fo=1, routed)           0.000    -0.221    tmds_green/count[4]_i_1__0_n_0
    SLICE_X1Y21          FDRE                                         r  tmds_green/count_reg[4]/D
  -------------------------------------------------------------------    -------------------

                         (clock clk_pixel_cw_hdmi rise edge)
                                                      0.000     0.000 r  
    N15                                               0.000     0.000 r  clk_100mhz (IN)
                         net (fo=0)                   0.000     0.000    wizard_migcam/clk_100mhz
    N15                  IBUF (Prop_ibuf_I_O)         0.396     0.396 r  wizard_migcam/clkin1_ibufg/O
                         net (fo=1, routed)           0.481     0.877    wizard_migcam/clk_in1_cw_fast
    PLLE2_ADV_X0Y0       PLLE2_ADV (Prop_plle2_adv_CLKIN1_CLKOUT0)
                                                     -2.641    -1.764 r  wizard_migcam/plle2_adv_inst/CLKOUT0
                         net (fo=1, routed)           0.550    -1.214    wizard_migcam/clk_100_cw_fast
    BUFGCTRL_X0Y2        BUFG (Prop_bufg_I_O)         0.029    -1.185 r  wizard_migcam/clkout1_buf/O
                         net (fo=138, routed)         0.817    -0.369    wizard_hdmi/clk_100
    MMCME2_ADV_X1Y0      MMCME2_ADV (Prop_mmcme2_adv_CLKIN1_CLKOUT0)
                                                     -1.375    -1.744 r  wizard_hdmi/mmcm_adv_inst/CLKOUT0
                         net (fo=1, routed)           0.530    -1.214    wizard_hdmi/clk_pixel_cw_hdmi
    BUFGCTRL_X0Y0        BUFG (Prop_bufg_I_O)         0.029    -1.185 r  wizard_hdmi/clkout1_buf/O
                         net (fo=84, routed)          0.854    -0.332    tmds_green/clk_pixel
    SLICE_X1Y21          FDRE                                         r  tmds_green/count_reg[4]/C
                         clock pessimism             -0.230    -0.562    
    SLICE_X1Y21          FDRE (Hold_fdre_C_D)         0.107    -0.455    tmds_green/count_reg[4]
  -------------------------------------------------------------------
                         required time                          0.455    
                         arrival time                          -0.221    
  -------------------------------------------------------------------
                         slack                                  0.234    





Pulse Width Checks
--------------------------------------------------------------------------------------
Clock Name:         clk_pixel_cw_hdmi
Waveform(ns):       { 0.000 6.734 }
Period(ns):         13.468
Sources:            { wizard_hdmi/mmcm_adv_inst/CLKOUT0 }

Check Type        Corner  Lib Pin             Reference Pin  Required(ns)  Actual(ns)  Slack(ns)  Location         Pin
Min Period        n/a     BUFG/I              n/a            2.155         13.468      11.313     BUFGCTRL_X0Y0    wizard_hdmi/clkout1_buf/I
Max Period        n/a     MMCME2_ADV/CLKOUT0  n/a            213.360       13.468      199.892    MMCME2_ADV_X1Y0  wizard_hdmi/mmcm_adv_inst/CLKOUT0
Low Pulse Width   Slow    FDRE/C              n/a            0.500         6.734       6.234      SLICE_X1Y17      mvg/hcount_out_reg[0]/C
High Pulse Width  Slow    FDRE/C              n/a            0.500         6.734       6.234      SLICE_X1Y17      mvg/hcount_out_reg[0]/C



---------------------------------------------------------------------------------------------------
From Clock:  clk_tmds_cw_hdmi
  To Clock:  clk_tmds_cw_hdmi

Setup :           NA  Failing Endpoints,  Worst Slack           NA  ,  Total Violation           NA
Hold  :           NA  Failing Endpoints,  Worst Slack           NA  ,  Total Violation           NA
PW    :            0  Failing Endpoints,  Worst Slack        0.538ns,  Total Violation        0.000ns
---------------------------------------------------------------------------------------------------


Pulse Width Checks
--------------------------------------------------------------------------------------
Clock Name:         clk_tmds_cw_hdmi
Waveform(ns):       { 0.000 1.347 }
Period(ns):         2.694
Sources:            { wizard_hdmi/mmcm_adv_inst/CLKOUT1 }

Check Type  Corner  Lib Pin             Reference Pin  Required(ns)  Actual(ns)  Slack(ns)  Location         Pin
Min Period  n/a     BUFG/I              n/a            2.155         2.694       0.538      BUFGCTRL_X0Y1    wizard_hdmi/clkout2_buf/I
Max Period  n/a     MMCME2_ADV/CLKOUT1  n/a            213.360       2.694       210.666    MMCME2_ADV_X1Y0  wizard_hdmi/mmcm_adv_inst/CLKOUT1



---------------------------------------------------------------------------------------------------
From Clock:  clkfbout_cw_hdmi
  To Clock:  clkfbout_cw_hdmi

Setup :           NA  Failing Endpoints,  Worst Slack           NA  ,  Total Violation           NA
Hold  :           NA  Failing Endpoints,  Worst Slack           NA  ,  Total Violation           NA
PW    :            0  Failing Endpoints,  Worst Slack       47.845ns,  Total Violation        0.000ns
---------------------------------------------------------------------------------------------------


Pulse Width Checks
--------------------------------------------------------------------------------------
Clock Name:         clkfbout_cw_hdmi
Waveform(ns):       { 0.000 25.000 }
Period(ns):         50.000
Sources:            { wizard_hdmi/mmcm_adv_inst/CLKFBOUT }

Check Type  Corner  Lib Pin             Reference Pin  Required(ns)  Actual(ns)  Slack(ns)  Location         Pin
Min Period  n/a     BUFG/I              n/a            2.155         50.000      47.845     BUFGCTRL_X0Y3    wizard_hdmi/clkf_buf/I
Max Period  n/a     MMCME2_ADV/CLKFBIN  n/a            100.000       50.000      50.000     MMCME2_ADV_X1Y0  wizard_hdmi/mmcm_adv_inst/CLKFBIN



---------------------------------------------------------------------------------------------------
From Clock:  clkfbout_cw_fast
  To Clock:  clkfbout_cw_fast

Setup :           NA  Failing Endpoints,  Worst Slack           NA  ,  Total Violation           NA
Hold  :           NA  Failing Endpoints,  Worst Slack           NA  ,  Total Violation           NA
PW    :            0  Failing Endpoints,  Worst Slack        7.845ns,  Total Violation        0.000ns
---------------------------------------------------------------------------------------------------


Pulse Width Checks
--------------------------------------------------------------------------------------
Clock Name:         clkfbout_cw_fast
Waveform(ns):       { 0.000 5.000 }
Period(ns):         10.000
Sources:            { wizard_migcam/plle2_adv_inst/CLKFBOUT }

Check Type  Corner  Lib Pin            Reference Pin  Required(ns)  Actual(ns)  Slack(ns)  Location        Pin
Min Period  n/a     BUFG/I             n/a            2.155         10.000      7.845      BUFGCTRL_X0Y4   wizard_migcam/clkf_buf/I
Max Period  n/a     PLLE2_ADV/CLKFBIN  n/a            52.633        10.000      42.633     PLLE2_ADV_X0Y0  wizard_migcam/plle2_adv_inst/CLKFBIN



